TN:
SF:src/modules/appointments/services/CreateAppointmentService.ts
FN:15,CreateAppoinmentService
FN:20,Object.<anonymous>.CreateAppoinmentService.execute
FNF:2
FNH:2
FNDA:2,CreateAppoinmentService
FNDA:3,Object.<anonymous>.CreateAppoinmentService.execute
DA:1,1
DA:2,1
DA:3,1
DA:4,1
DA:5,1
DA:6,1
DA:7,1
DA:8,1
DA:9,1
DA:10,1
DA:11,1
DA:12,1
DA:13,1
DA:14,1
DA:15,1
DA:16,2
DA:17,2
DA:18,2
DA:19,1
DA:20,1
DA:21,3
DA:22,3
DA:23,3
DA:24,3
DA:25,3
DA:26,3
DA:27,1
DA:28,1
DA:29,2
DA:30,2
DA:31,2
DA:32,2
DA:33,3
DA:34,3
DA:35,3
DA:36,1
DA:37,1
DA:38,1
LF:38
LH:38
BRDA:14,0,0,1
BRDA:15,1,0,2
BRDA:20,2,0,3
BRDA:26,3,0,1
BRDA:29,4,0,2
BRF:5
BRH:5
end_of_record
TN:
SF:src/modules/users/services/AuthenticateUserService.ts
FN:21,AuthenticateUserService
FN:28,Object.<anonymous>.AuthenticateUserService.execute
FNF:2
FNH:2
FNDA:3,AuthenticateUserService
FNDA:3,Object.<anonymous>.AuthenticateUserService.execute
DA:1,1
DA:2,1
DA:3,1
DA:4,1
DA:5,1
DA:6,1
DA:7,1
DA:8,1
DA:9,1
DA:10,1
DA:11,1
DA:12,1
DA:13,1
DA:14,1
DA:15,1
DA:16,1
DA:17,1
DA:18,1
DA:19,1
DA:20,1
DA:21,1
DA:22,3
DA:23,3
DA:24,3
DA:25,3
DA:26,3
DA:27,1
DA:28,1
DA:29,3
DA:30,3
DA:31,3
DA:32,1
DA:33,1
DA:34,2
DA:35,2
DA:36,2
DA:37,2
DA:38,2
DA:39,3
DA:40,3
DA:41,1
DA:42,1
DA:43,1
DA:44,1
DA:45,1
DA:46,1
DA:47,1
DA:48,1
DA:49,1
DA:50,1
DA:51,3
DA:52,1
DA:53,1
DA:54,1
LF:54
LH:54
BRDA:20,0,0,1
BRDA:21,1,0,3
BRDA:28,2,0,3
BRDA:29,3,0,3
BRDA:31,4,0,1
BRDA:34,5,0,2
BRDA:40,6,0,1
BRF:7
BRH:7
end_of_record
TN:
SF:src/modules/users/services/CreateUserService.ts
FN:16,CreateUserService
FN:24,Object.<anonymous>.CreateUserService.execute
FNF:2
FNH:2
FNDA:5,CreateUserService
FNDA:5,Object.<anonymous>.CreateUserService.execute
DA:1,1
DA:2,1
DA:3,1
DA:4,1
DA:5,1
DA:6,1
DA:7,1
DA:8,1
DA:9,1
DA:10,1
DA:11,1
DA:12,1
DA:13,1
DA:14,1
DA:15,2
DA:16,2
DA:17,5
DA:18,5
DA:19,5
DA:20,5
DA:21,5
DA:22,5
DA:23,2
DA:24,2
DA:25,5
DA:26,5
DA:27,1
DA:28,1
DA:29,4
DA:30,4
DA:31,5
DA:32,5
DA:33,5
DA:34,5
DA:35,5
DA:36,5
DA:37,5
DA:38,5
DA:39,5
DA:40,2
DA:41,1
DA:42,1
LF:42
LH:42
BRDA:15,0,0,2
BRDA:16,1,0,5
BRDA:24,2,0,5
BRDA:25,3,0,5
BRDA:26,4,0,1
BRDA:29,5,0,4
BRF:6
BRH:6
end_of_record
TN:
SF:src/modules/users/services/UpdateUserAvatarService.ts
FN:17,UpdateUserAvatarService
FN:25,Object.<anonymous>.UpdateUserAvatarService.execute
FNF:2
FNH:2
FNDA:3,UpdateUserAvatarService
FNDA:5,Object.<anonymous>.UpdateUserAvatarService.execute
DA:1,1
DA:2,1
DA:3,1
DA:4,1
DA:5,1
DA:6,1
DA:7,1
DA:8,1
DA:9,1
DA:10,1
DA:11,1
DA:12,1
DA:13,1
DA:14,1
DA:15,1
DA:16,1
DA:17,1
DA:18,3
DA:19,3
DA:20,3
DA:21,3
DA:22,3
DA:23,3
DA:24,1
DA:25,1
DA:26,5
DA:27,5
DA:28,5
DA:29,2
DA:30,2
DA:31,2
DA:32,2
DA:33,2
DA:34,3
DA:35,3
DA:36,1
DA:37,5
DA:38,5
DA:39,5
DA:40,5
DA:41,5
DA:42,5
DA:43,5
DA:44,5
DA:45,1
DA:46,1
DA:47,1
LF:47
LH:47
BRDA:16,0,0,1
BRDA:17,1,0,3
BRDA:25,2,0,5
BRDA:26,3,0,5
BRDA:28,4,0,2
BRDA:34,5,0,3
BRDA:35,6,0,2
BRDA:35,7,0,1
BRDA:38,8,0,3
BRF:9
BRH:9
end_of_record
